-------------------------------------------------------------------------------
Test set: TestSuite
-------------------------------------------------------------------------------
Tests run: 3, Failures: 1, Errors: 0, Skipped: 2, Time elapsed: 0.502 s <<< FAILURE! - in TestSuite
writeExtentReport(upskill.runners.RunnerClass)  Time elapsed: 0.428 s  <<< FAILURE!
java.lang.NullPointerException
	at upskill.runners.RunnerClass.writeExtentReport(RunnerClass.java:23)

