<?xml version="1.0" encoding="UTF-8"?>
<testng-results skipped="0" failed="0" total="2" passed="2">
  <reporter-output>
  </reporter-output>
  <suite name="Default suite" duration-ms="72182" started-at="2022-12-10T17:53:28Z" finished-at="2022-12-10T17:54:40Z">
    <groups>
      <group name="cucumber">
        <method signature="AbstractTestNGCucumberTests.feature(cucumber.api.testng.CucumberFeatureWrapper)[pri:0, instance:upskill.runners.RunnerClass@dc24521]" name="feature" class="cucumber.api.testng.AbstractTestNGCucumberTests"/>
      </group> <!-- cucumber -->
    </groups>
    <test name="Default test" duration-ms="72182" started-at="2022-12-10T17:53:28Z" finished-at="2022-12-10T17:54:40Z">
      <class name="upskill.runners.RunnerClass">
        <test-method status="PASS" signature="setUpClass()[pri:0, instance:upskill.runners.RunnerClass@dc24521]" name="setUpClass" is-config="true" duration-ms="120" started-at="2022-12-10T12:53:28Z" finished-at="2022-12-10T12:53:28Z">
          <reporter-output>
          </reporter-output>
        </test-method> <!-- setUpClass -->
        <test-method status="PASS" signature="feature(cucumber.api.testng.CucumberFeatureWrapper)[pri:0, instance:upskill.runners.RunnerClass@dc24521]" name="feature" duration-ms="37540" started-at="2022-12-10T12:53:28Z" description="Runs Cucumber Feature" data-provider="features" finished-at="2022-12-10T12:54:06Z">
          <params>
            <param index="0">
              <value>
                <![CDATA[Ebay Brand Outline]]>
              </value>
            </param>
          </params>
          <reporter-output>
          </reporter-output>
        </test-method> <!-- feature -->
        <test-method status="PASS" signature="feature(cucumber.api.testng.CucumberFeatureWrapper)[pri:0, instance:upskill.runners.RunnerClass@dc24521]" name="feature" duration-ms="34204" started-at="2022-12-10T12:54:06Z" description="Runs Cucumber Feature" data-provider="features" finished-at="2022-12-10T12:54:40Z">
          <params>
            <param index="0">
              <value>
                <![CDATA[Ebay Search Functionality]]>
              </value>
            </param>
          </params>
          <reporter-output>
          </reporter-output>
        </test-method> <!-- feature -->
        <test-method status="PASS" signature="writeExtentReport()[pri:0, instance:upskill.runners.RunnerClass@dc24521]" name="writeExtentReport" is-config="true" duration-ms="38" started-at="2022-12-10T12:54:40Z" finished-at="2022-12-10T12:54:40Z">
          <reporter-output>
          </reporter-output>
        </test-method> <!-- writeExtentReport -->
        <test-method status="PASS" signature="tearDownClass()[pri:0, instance:upskill.runners.RunnerClass@dc24521]" name="tearDownClass" is-config="true" duration-ms="225" started-at="2022-12-10T12:54:40Z" finished-at="2022-12-10T12:54:40Z">
          <reporter-output>
          </reporter-output>
        </test-method> <!-- tearDownClass -->
      </class> <!-- upskill.runners.RunnerClass -->
    </test> <!-- Default test -->
  </suite> <!-- Default suite -->
</testng-results>
